  main.cpp
D:\VisualStudio\Projects\template-project-2 (1)\template-project-2\main.cpp(127,16): warning C5208: неименованный класс, используемый в имени typedef, может объявлять только нестатические элементы данных, перечисления элементов или классы элементов.
D:\VisualStudio\Projects\template-project-2 (1)\template-project-2\main.cpp(443,5): warning C4996: 'sprintf': This function or variable may be unsafe. Consider using sprintf_s instead. To disable deprecation, use _CRT_SECURE_NO_WARNINGS. See online help for details.
D:\VisualStudio\Projects\template-project-2 (1)\template-project-2\main.cpp(504,17): warning C4244: =: преобразование "double" в "int", возможна потеря данных
D:\VisualStudio\Projects\template-project-2 (1)\template-project-2\main.cpp(629,40): warning C4244: -=: преобразование "double" в "int", возможна потеря данных
D:\VisualStudio\Projects\template-project-2 (1)\template-project-2\main.cpp(633,19): warning C4244: =: преобразование "double" в "int", возможна потеря данных
D:\VisualStudio\Projects\template-project-2 (1)\template-project-2\main.cpp(680,44): warning C4244: +=: преобразование "double" в "int", возможна потеря данных
D:\VisualStudio\Projects\template-project-2 (1)\template-project-2\main.cpp(768,19): warning C4244: аргумент: преобразование "double" в "float", возможна потеря данных
D:\VisualStudio\Projects\template-project-2 (1)\template-project-2\main.cpp(786,43): warning C4244: аргумент: преобразование "double" в "float", возможна потеря данных
D:\VisualStudio\Projects\template-project-2 (1)\template-project-2\main.cpp(790,15): warning C4996: 'fopen': This function or variable may be unsafe. Consider using fopen_s instead. To disable deprecation, use _CRT_SECURE_NO_WARNINGS. See online help for details.
D:\VisualStudio\Projects\template-project-2 (1)\template-project-2\main.cpp(818,6): warning C4996: 'strncat': This function or variable may be unsafe. Consider using strncat_s instead. To disable deprecation, use _CRT_SECURE_NO_WARNINGS. See online help for details.
D:\VisualStudio\Projects\template-project-2 (1)\template-project-2\main.cpp(833,15): warning C4996: 'fopen': This function or variable may be unsafe. Consider using fopen_s instead. To disable deprecation, use _CRT_SECURE_NO_WARNINGS. See online help for details.
D:\VisualStudio\Projects\template-project-2 (1)\template-project-2\main.cpp(838,10): warning C4996: 'fscanf': This function or variable may be unsafe. Consider using fscanf_s instead. To disable deprecation, use _CRT_SECURE_NO_WARNINGS. See online help for details.
D:\VisualStudio\Projects\template-project-2 (1)\template-project-2\main.cpp(850,4): warning C4996: 'sprintf': This function or variable may be unsafe. Consider using sprintf_s instead. To disable deprecation, use _CRT_SECURE_NO_WARNINGS. See online help for details.
D:\VisualStudio\Projects\template-project-2 (1)\template-project-2\main.cpp(875,2): warning C4996: 'sprintf': This function or variable may be unsafe. Consider using sprintf_s instead. To disable deprecation, use _CRT_SECURE_NO_WARNINGS. See online help for details.
D:\VisualStudio\Projects\template-project-2 (1)\template-project-2\main.cpp(891,2): warning C4996: 'sprintf': This function or variable may be unsafe. Consider using sprintf_s instead. To disable deprecation, use _CRT_SECURE_NO_WARNINGS. See online help for details.
D:\VisualStudio\Projects\template-project-2 (1)\template-project-2\main.cpp(894,2): warning C4996: 'sprintf': This function or variable may be unsafe. Consider using sprintf_s instead. To disable deprecation, use _CRT_SECURE_NO_WARNINGS. See online help for details.
D:\VisualStudio\Projects\template-project-2 (1)\template-project-2\main.cpp(899,2): warning C4996: 'sprintf': This function or variable may be unsafe. Consider using sprintf_s instead. To disable deprecation, use _CRT_SECURE_NO_WARNINGS. See online help for details.
D:\VisualStudio\Projects\template-project-2 (1)\template-project-2\main.cpp(902,2): warning C4996: 'sprintf': This function or variable may be unsafe. Consider using sprintf_s instead. To disable deprecation, use _CRT_SECURE_NO_WARNINGS. See online help for details.
D:\VisualStudio\Projects\template-project-2 (1)\template-project-2\main.cpp(931,3): warning C4996: 'sprintf': This function or variable may be unsafe. Consider using sprintf_s instead. To disable deprecation, use _CRT_SECURE_NO_WARNINGS. See online help for details.
D:\VisualStudio\Projects\template-project-2 (1)\template-project-2\main.cpp(932,3): warning C4996: 'sprintf': This function or variable may be unsafe. Consider using sprintf_s instead. To disable deprecation, use _CRT_SECURE_NO_WARNINGS. See online help for details.
D:\VisualStudio\Projects\template-project-2 (1)\template-project-2\main.cpp(933,3): warning C4996: 'sprintf': This function or variable may be unsafe. Consider using sprintf_s instead. To disable deprecation, use _CRT_SECURE_NO_WARNINGS. See online help for details.
D:\VisualStudio\Projects\template-project-2 (1)\template-project-2\main.cpp(934,3): warning C4996: 'sprintf': This function or variable may be unsafe. Consider using sprintf_s instead. To disable deprecation, use _CRT_SECURE_NO_WARNINGS. See online help for details.
D:\VisualStudio\Projects\template-project-2 (1)\template-project-2\main.cpp(935,3): warning C4996: 'sprintf': This function or variable may be unsafe. Consider using sprintf_s instead. To disable deprecation, use _CRT_SECURE_NO_WARNINGS. See online help for details.
D:\VisualStudio\Projects\template-project-2 (1)\template-project-2\main.cpp(939,5): warning C4996: 'sprintf': This function or variable may be unsafe. Consider using sprintf_s instead. To disable deprecation, use _CRT_SECURE_NO_WARNINGS. See online help for details.
D:\VisualStudio\Projects\template-project-2 (1)\template-project-2\main.cpp(940,5): warning C4996: 'sprintf': This function or variable may be unsafe. Consider using sprintf_s instead. To disable deprecation, use _CRT_SECURE_NO_WARNINGS. See online help for details.
D:\VisualStudio\Projects\template-project-2 (1)\template-project-2\main.cpp(948,5): warning C4996: 'sprintf': This function or variable may be unsafe. Consider using sprintf_s instead. To disable deprecation, use _CRT_SECURE_NO_WARNINGS. See online help for details.
D:\VisualStudio\Projects\template-project-2 (1)\template-project-2\main.cpp(949,5): warning C4996: 'sprintf': This function or variable may be unsafe. Consider using sprintf_s instead. To disable deprecation, use _CRT_SECURE_NO_WARNINGS. See online help for details.
D:\VisualStudio\Projects\template-project-2 (1)\template-project-2\main.cpp(951,4): warning C4996: 'sprintf': This function or variable may be unsafe. Consider using sprintf_s instead. To disable deprecation, use _CRT_SECURE_NO_WARNINGS. See online help for details.
D:\VisualStudio\Projects\template-project-2 (1)\template-project-2\main.cpp(952,4): warning C4996: 'sprintf': This function or variable may be unsafe. Consider using sprintf_s instead. To disable deprecation, use _CRT_SECURE_NO_WARNINGS. See online help for details.
D:\VisualStudio\Projects\template-project-2 (1)\template-project-2\main.cpp(961,17): warning C4244: =: преобразование "double" в "int", возможна потеря данных
D:\VisualStudio\Projects\template-project-2 (1)\template-project-2\main.cpp(1089,3): warning C4996: 'strcat': This function or variable may be unsafe. Consider using strcat_s instead. To disable deprecation, use _CRT_SECURE_NO_WARNINGS. See online help for details.
D:\VisualStudio\Projects\template-project-2 (1)\template-project-2\main.cpp(1093,17): warning C4244: =: преобразование "double" в "int", возможна потеря данных
D:\VisualStudio\Projects\template-project-2 (1)\template-project-2\main.cpp(285): warning C4715: InitializeGame: значение возвращается не при всех путях выполнения
  szablon2vs17.vcxproj -> D:\VisualStudio\Projects\template-project-2 (1)\template-project-2\Debug\szablon2vs17.exe
