  main.cpp
D:\VisualStudio\Projects\template-project-2\main.cpp(395,5): warning C4996: 'sprintf': This function or variable may be unsafe. Consider using sprintf_s instead. To disable deprecation, use _CRT_SECURE_NO_WARNINGS. See online help for details.
D:\VisualStudio\Projects\template-project-2\main.cpp(564,40): warning C4244: -=: преобразование "double" в "int", возможна потеря данных
D:\VisualStudio\Projects\template-project-2\main.cpp(568,19): warning C4244: =: преобразование "double" в "int", возможна потеря данных
D:\VisualStudio\Projects\template-project-2\main.cpp(664,44): warning C4244: +=: преобразование "double" в "int", возможна потеря данных
D:\VisualStudio\Projects\template-project-2\main.cpp(730,15): warning C4996: 'fopen': This function or variable may be unsafe. Consider using fopen_s instead. To disable deprecation, use _CRT_SECURE_NO_WARNINGS. See online help for details.
D:\VisualStudio\Projects\template-project-2\main.cpp(739,15): warning C4996: 'fopen': This function or variable may be unsafe. Consider using fopen_s instead. To disable deprecation, use _CRT_SECURE_NO_WARNINGS. See online help for details.
D:\VisualStudio\Projects\template-project-2\main.cpp(744,10): warning C4996: 'fscanf': This function or variable may be unsafe. Consider using fscanf_s instead. To disable deprecation, use _CRT_SECURE_NO_WARNINGS. See online help for details.
D:\VisualStudio\Projects\template-project-2\main.cpp(753,35): warning C4267: аргумент: преобразование из "size_t" в "int"; возможна потеря данных
D:\VisualStudio\Projects\template-project-2\main.cpp(756,35): warning C4267: аргумент: преобразование из "size_t" в "int"; возможна потеря данных
D:\VisualStudio\Projects\template-project-2\main.cpp(759,35): warning C4267: аргумент: преобразование из "size_t" в "int"; возможна потеря данных
D:\VisualStudio\Projects\template-project-2\main.cpp(762,35): warning C4267: аргумент: преобразование из "size_t" в "int"; возможна потеря данных
D:\VisualStudio\Projects\template-project-2\main.cpp(765,35): warning C4267: аргумент: преобразование из "size_t" в "int"; возможна потеря данных
D:\VisualStudio\Projects\template-project-2\main.cpp(770,37): warning C4267: аргумент: преобразование из "size_t" в "int"; возможна потеря данных
D:\VisualStudio\Projects\template-project-2\main.cpp(772,37): warning C4267: аргумент: преобразование из "size_t" в "int"; возможна потеря данных
D:\VisualStudio\Projects\template-project-2\main.cpp(784,37): warning C4267: аргумент: преобразование из "size_t" в "int"; возможна потеря данных
D:\VisualStudio\Projects\template-project-2\main.cpp(786,37): warning C4267: аргумент: преобразование из "size_t" в "int"; возможна потеря данных
D:\VisualStudio\Projects\template-project-2\main.cpp(790,36): warning C4267: аргумент: преобразование из "size_t" в "int"; возможна потеря данных
D:\VisualStudio\Projects\template-project-2\main.cpp(792,36): warning C4267: аргумент: преобразование из "size_t" в "int"; возможна потеря данных
D:\VisualStudio\Projects\template-project-2\main.cpp(752,2): warning C4996: 'sprintf': This function or variable may be unsafe. Consider using sprintf_s instead. To disable deprecation, use _CRT_SECURE_NO_WARNINGS. See online help for details.
D:\VisualStudio\Projects\template-project-2\main.cpp(755,2): warning C4996: 'sprintf': This function or variable may be unsafe. Consider using sprintf_s instead. To disable deprecation, use _CRT_SECURE_NO_WARNINGS. See online help for details.
D:\VisualStudio\Projects\template-project-2\main.cpp(758,2): warning C4996: 'sprintf': This function or variable may be unsafe. Consider using sprintf_s instead. To disable deprecation, use _CRT_SECURE_NO_WARNINGS. See online help for details.
D:\VisualStudio\Projects\template-project-2\main.cpp(761,2): warning C4996: 'sprintf': This function or variable may be unsafe. Consider using sprintf_s instead. To disable deprecation, use _CRT_SECURE_NO_WARNINGS. See online help for details.
D:\VisualStudio\Projects\template-project-2\main.cpp(764,2): warning C4996: 'sprintf': This function or variable may be unsafe. Consider using sprintf_s instead. To disable deprecation, use _CRT_SECURE_NO_WARNINGS. See online help for details.
D:\VisualStudio\Projects\template-project-2\main.cpp(769,4): warning C4996: 'sprintf': This function or variable may be unsafe. Consider using sprintf_s instead. To disable deprecation, use _CRT_SECURE_NO_WARNINGS. See online help for details.
D:\VisualStudio\Projects\template-project-2\main.cpp(771,4): warning C4996: 'sprintf': This function or variable may be unsafe. Consider using sprintf_s instead. To disable deprecation, use _CRT_SECURE_NO_WARNINGS. See online help for details.
D:\VisualStudio\Projects\template-project-2\main.cpp(778,5): warning C4996: 'scanf': This function or variable may be unsafe. Consider using scanf_s instead. To disable deprecation, use _CRT_SECURE_NO_WARNINGS. See online help for details.
D:\VisualStudio\Projects\template-project-2\main.cpp(783,4): warning C4996: 'sprintf': This function or variable may be unsafe. Consider using sprintf_s instead. To disable deprecation, use _CRT_SECURE_NO_WARNINGS. See online help for details.
D:\VisualStudio\Projects\template-project-2\main.cpp(785,4): warning C4996: 'sprintf': This function or variable may be unsafe. Consider using sprintf_s instead. To disable deprecation, use _CRT_SECURE_NO_WARNINGS. See online help for details.
D:\VisualStudio\Projects\template-project-2\main.cpp(789,3): warning C4996: 'sprintf': This function or variable may be unsafe. Consider using sprintf_s instead. To disable deprecation, use _CRT_SECURE_NO_WARNINGS. See online help for details.
D:\VisualStudio\Projects\template-project-2\main.cpp(791,3): warning C4996: 'sprintf': This function or variable may be unsafe. Consider using sprintf_s instead. To disable deprecation, use _CRT_SECURE_NO_WARNINGS. See online help for details.
D:\VisualStudio\Projects\template-project-2\main.cpp(804,21): warning C4244: =: преобразование "double" в "int", возможна потеря данных
D:\VisualStudio\Projects\template-project-2\main.cpp(809,21): warning C4244: =: преобразование "double" в "int", возможна потеря данных
D:\VisualStudio\Projects\template-project-2\main.cpp(896,20): warning C4244: =: преобразование "double" в "int", возможна потеря данных
D:\VisualStudio\Projects\template-project-2\main.cpp(995,17): warning C4244: =: преобразование "double" в "int", возможна потеря данных
D:\VisualStudio\Projects\template-project-2\main.cpp(1021,52): warning C4244: аргумент: преобразование "double" в "float", возможна потеря данных
D:\VisualStudio\Projects\template-project-2\main.cpp(1025,43): warning C4244: аргумент: преобразование "double" в "float", возможна потеря данных
  szablon2vs17.vcxproj -> D:\VisualStudio\Projects\template-project-2\x64\Debug\szablon2vs17.exe
